Base path: '/home/jack/Unity/Hub/Editor/2019.3.2f1/Editor/Data', plugins path '/home/jack/Unity/Hub/Editor/2019.3.2f1/Editor/Data/PlaybackEngines'
Cmd: initializeCompiler
Cmd: compileComputeKernel
  api=15 insize=18731 outsize=16532 ok=1
Cmd: compileComputeKernel
  api=18 insize=18731 outsize=33049 ok=1
Cmd: compileComputeKernel
  api=18 insize=18731 outsize=56687 ok=1
Cmd: compileComputeKernel
  api=18 insize=1505 outsize=6787 ok=1
Cmd: compileComputeKernel
  api=15 insize=1864 outsize=2045 ok=1
Cmd: compileComputeKernel
  api=15 insize=11176 outsize=22210 ok=1
Cmd: compileComputeKernel
  api=18 insize=2134 outsize=1256 ok=1
Cmd: compileComputeKernel
  api=18 insize=1957 outsize=2487 ok=1
Cmd: compileSnippet
  api=15 type=1 insize=3714 outsize=0 kw=USE_ADDITIVE_BLENDING pd=UNITY_ENABLE_REFLECTION_BUFFERS UNITY_USE_DITHER_MASK_FOR_ALPHABLENDED_SHADOWS UNITY_PBS_USE_BRDF1 UNITY_SPECCUBE_BOX_PROJECTION UNITY_SPECCUBE_BLENDING UNITY_ENABLE_DETAIL_NORMALMAP SHADER_API_DESKTOP UNITY_COLORSPACE_GAMMA UNITY_LIGHT_PROBE_PROXY_VOLUME UNITY_LIGHTMAP_FULL_HDR ok=1
Unhandled exception: Protocol error - unexpected end of data (did the Editor crash?)

Quitting shader compiler process
